<?xml version="1.0" encoding="UTF-8"?>
<!-- Generated by org.testng.reporters.JUnitReportReporter -->
<testsuite skipped="0" hostname="Ruzaina" name="com.izaanschool.AppTest" tests="1" failures="0" timestamp="2023-06-15T00:02:29 CDT" time="0.005" errors="0">
  <testcase name="testApp" time="0.005" classname="com.izaanschool.AppTest"/>
</testsuite> <!-- com.izaanschool.AppTest -->
