<?xml version="1.0" encoding="UTF-8"?>
<!-- Generated by org.testng.reporters.JUnitReportReporter -->
<testsuite skipped="0" hostname="Ruzaina" name="com.izaanschool.heroku.contextMenuPageTest" tests="1" failures="0" timestamp="2023-06-22T19:16:40 CDT" time="12.424" errors="0">
  <testcase name="contextMenuTest" time="12.424" classname="com.izaanschool.heroku.contextMenuPageTest"/>
</testsuite> <!-- com.izaanschool.heroku.contextMenuPageTest -->
