<?xml version="1.0" encoding="UTF-8"?>
<!-- Generated by org.testng.reporters.JUnitReportReporter -->
<testsuite skipped="0" hostname="Ruzaina" name="com.izaanschool.heroku.dragAnddropTest" tests="1" failures="0" timestamp="2023-06-22T19:16:40 CDT" time="54.432" errors="0">
  <testcase name="dragAndDropTest" time="54.432" classname="com.izaanschool.heroku.dragAnddropTest"/>
</testsuite> <!-- com.izaanschool.heroku.dragAnddropTest -->
