<?xml version="1.0" encoding="UTF-8"?>
<!-- Generated by org.testng.reporters.JUnitReportReporter -->
<testsuite skipped="0" hostname="Ruzaina" name="com.izaanschool.heroku.CheckBoxesPageTest" tests="1" failures="0" timestamp="2023-06-22T19:16:40 CDT" time="2.494" errors="0">
  <testcase name="checkBoxesTest" time="2.494" classname="com.izaanschool.heroku.CheckBoxesPageTest"/>
</testsuite> <!-- com.izaanschool.heroku.CheckBoxesPageTest -->
