<?xml version="1.0" encoding="UTF-8"?>
<!-- Generated by org.testng.reporters.JUnitReportReporter -->
<testsuite skipped="0" hostname="Ruzaina" name="com.izaanschool.heroku.brokenImagePageTest" tests="1" failures="0" timestamp="2023-06-22T19:16:40 CDT" time="17.915" errors="0">
  <testcase name="brokenImageTest" time="17.915" classname="com.izaanschool.heroku.brokenImagePageTest"/>
</testsuite> <!-- com.izaanschool.heroku.brokenImagePageTest -->
