<?xml version="1.0" encoding="UTF-8"?>
<!-- Generated by org.testng.reporters.JUnitReportReporter -->
<testsuite skipped="0" hostname="Ruzaina" name="com.izaanschool.heroku.dropDownListTest" tests="1" failures="0" timestamp="2023-06-22T19:16:40 CDT" time="2.543" errors="0">
  <testcase name="dropDownTest" time="2.543" classname="com.izaanschool.heroku.dropDownListTest"/>
</testsuite> <!-- com.izaanschool.heroku.dropDownListTest -->
