<?xml version="1.0" encoding="UTF-8"?>
<!-- Generated by org.testng.reporters.JUnitReportReporter -->
<testsuite skipped="0" hostname="Ruzaina" name="com.izaanschool.heroku.addRemoveElementTest" tests="1" failures="0" timestamp="2023-06-22T19:16:40 CDT" time="8.278" errors="0">
  <testcase name="addElementTest" time="8.278" classname="com.izaanschool.heroku.addRemoveElementTest"/>
</testsuite> <!-- com.izaanschool.heroku.addRemoveElementTest -->
